# JRE version: Java(TM) SE Runtime Environment (8.0_181-b13) (build 1.8.0_181-b13)
# Java VM: Java HotSpot(TM) 64-Bit Server VM (25.181-b13 mixed mode bsd-amd64 compressed oops)
Heap:
 PSYoungGen      total 580096K, used 424236K [0x0000000795580000, 0x00000007bf080000, 0x00000007c0000000)
  eden space 494592K, 81% used [0x0000000795580000,0x00000007adcff990,0x00000007b3880000)
  from space 85504K, 27% used [0x00000007b9d00000,0x00000007bb3cb878,0x00000007bf080000)
  to   space 94208K, 0% used [0x00000007b3880000,0x00000007b3880000,0x00000007b9480000)
 ParOldGen       total 232960K, used 99069K [0x0000000740000000, 0x000000074e380000, 0x0000000795580000)
  object space 232960K, 42% used [0x0000000740000000,0x00000007460bf5f8,0x000000074e380000)
 Metaspace       used 104383K, capacity 108591K, committed 108928K, reserved 1144832K
  class space    used 13284K, capacity 14122K, committed 14208K, reserved 1048576K
GC Heap History (10 events):
Event: 49.626 GC heap before
{Heap before GC invocations=25 (full 4):
 PSYoungGen      total 560128K, used 140625K [0x0000000795580000, 0x00000007bf000000, 0x00000007c0000000)
  eden space 458240K, 25% used [0x0000000795580000,0x000000079c67af98,0x00000007b1500000)
  from space 101888K, 24% used [0x00000007b8c80000,0x00000007ba4d9688,0x00000007bf000000)
  to   space 112128K, 0% used [0x00000007b1500000,0x00000007b1500000,0x00000007b8280000)
 ParOldGen       total 314368K, used 219161K [0x0000000740000000, 0x0000000753300000, 0x0000000795580000)
  object space 314368K, 69% used [0x0000000740000000,0x000000074d606688,0x0000000753300000)
 Metaspace       used 77110K, capacity 79293K, committed 79360K, reserved 1118208K
  class space    used 9731K, capacity 10112K, committed 10112K, reserved 1048576K
Event: 49.667 GC heap after
Heap after GC invocations=25 (full 4):
 PSYoungGen      total 570368K, used 4489K [0x0000000795580000, 0x00000007c0000000, 0x00000007c0000000)
  eden space 458240K, 0% used [0x0000000795580000,0x0000000795580000,0x00000007b1500000)
  from space 112128K, 4% used [0x00000007b1500000,0x00000007b1962640,0x00000007b8280000)
  to   space 110080K, 0% used [0x00000007b9480000,0x00000007b9480000,0x00000007c0000000)
 ParOldGen       total 314368K, used 230423K [0x0000000740000000, 0x0000000753300000, 0x0000000795580000)
  object space 314368K, 73% used [0x0000000740000000,0x000000074e105e98,0x0000000753300000)
 Metaspace       used 77110K, capacity 79293K, committed 79360K, reserved 1118208K
  class space    used 9731K, capacity 10112K, committed 10112K, reserved 1048576K
}
Event: 49.667 GC heap before
{Heap before GC invocations=26 (full 5):
 PSYoungGen      total 570368K, used 4489K [0x0000000795580000, 0x00000007c0000000, 0x00000007c0000000)
  eden space 458240K, 0% used [0x0000000795580000,0x0000000795580000,0x00000007b1500000)
  from space 112128K, 4% used [0x00000007b1500000,0x00000007b1962640,0x00000007b8280000)
  to   space 110080K, 0% used [0x00000007b9480000,0x00000007b9480000,0x00000007c0000000)
 ParOldGen       total 314368K, used 230423K [0x0000000740000000, 0x0000000753300000, 0x0000000795580000)
  object space 314368K, 73% used [0x0000000740000000,0x000000074e105e98,0x0000000753300000)
 Metaspace       used 77110K, capacity 79293K, committed 79360K, reserved 1118208K
  class space    used 9731K, capacity 10112K, committed 10112K, reserved 1048576K
Event: 49.969 GC heap after
Heap after GC invocations=26 (full 5):
 PSYoungGen      total 570368K, used 0K [0x0000000795580000, 0x00000007c0000000, 0x00000007c0000000)
  eden space 458240K, 0% used [0x0000000795580000,0x0000000795580000,0x00000007b1500000)
  from space 112128K, 0% used [0x00000007b1500000,0x00000007b1500000,0x00000007b8280000)
  to   space 110080K, 0% used [0x00000007b9480000,0x00000007b9480000,0x00000007c0000000)
 ParOldGen       total 232960K, used 88890K [0x0000000740000000, 0x000000074e380000, 0x0000000795580000)
  object space 232960K, 38% used [0x0000000740000000,0x00000007456ce880,0x000000074e380000)
 Metaspace       used 77110K, capacity 79293K, committed 79360K, reserved 1118208K
  class space    used 9731K, capacity 10112K, committed 10112K, reserved 1048576K
}
Event: 56.977 GC heap before
{Heap before GC invocations=27 (full 5):
 PSYoungGen      total 570368K, used 458240K [0x0000000795580000, 0x00000007c0000000, 0x00000007c0000000)
  eden space 458240K, 100% used [0x0000000795580000,0x00000007b1500000,0x00000007b1500000)
  from space 112128K, 0% used [0x00000007b1500000,0x00000007b1500000,0x00000007b8280000)
  to   space 110080K, 0% used [0x00000007b9480000,0x00000007b9480000,0x00000007c0000000)
 ParOldGen       total 232960K, used 88890K [0x0000000740000000, 0x000000074e380000, 0x0000000795580000)
  object space 232960K, 38% used [0x0000000740000000,0x00000007456ce880,0x000000074e380000)
 Metaspace       used 91689K, capacity 94681K, committed 94720K, reserved 1132544K
  class space    used 11622K, capacity 12263K, committed 12288K, reserved 1048576K
Event: 57.003 GC heap after
Heap after GC invocations=27 (full 5):
 PSYoungGen      total 573440K, used 20548K [0x0000000795580000, 0x00000007bf300000, 0x00000007c0000000)
  eden space 476672K, 0% used [0x0000000795580000,0x0000000795580000,0x00000007b2700000)
  from space 96768K, 21% used [0x00000007b9480000,0x00000007ba891248,0x00000007bf300000)
  to   space 104448K, 0% used [0x00000007b2700000,0x00000007b2700000,0x00000007b8d00000)
 ParOldGen       total 232960K, used 88898K [0x0000000740000000, 0x000000074e380000, 0x0000000795580000)
  object space 232960K, 38% used [0x0000000740000000,0x00000007456d0880,0x000000074e380000)
 Metaspace       used 91689K, capacity 94681K, committed 94720K, reserved 1132544K
  class space    used 11622K, capacity 12263K, committed 12288K, reserved 1048576K
}
Event: 61.804 GC heap before
{Heap before GC invocations=28 (full 5):
 PSYoungGen      total 573440K, used 497220K [0x0000000795580000, 0x00000007bf300000, 0x00000007c0000000)
  eden space 476672K, 100% used [0x0000000795580000,0x00000007b2700000,0x00000007b2700000)
  from space 96768K, 21% used [0x00000007b9480000,0x00000007ba891248,0x00000007bf300000)
  to   space 104448K, 0% used [0x00000007b2700000,0x00000007b2700000,0x00000007b8d00000)
 ParOldGen       total 232960K, used 88898K [0x0000000740000000, 0x000000074e380000, 0x0000000795580000)
  object space 232960K, 38% used [0x0000000740000000,0x00000007456d0880,0x000000074e380000)
 Metaspace       used 96679K, capacity 99985K, committed 100224K, reserved 1136640K
  class space    used 12187K, capacity 12881K, committed 12928K, reserved 1048576K
Event: 61.838 GC heap after
Heap after GC invocations=28 (full 5):
 PSYoungGen      total 581120K, used 15283K [0x0000000795580000, 0x00000007bfe80000, 0x00000007c0000000)
  eden space 476672K, 0% used [0x0000000795580000,0x0000000795580000,0x00000007b2700000)
  from space 104448K, 14% used [0x00000007b2700000,0x00000007b35ece40,0x00000007b8d00000)
  to   space 99840K, 0% used [0x00000007b9d00000,0x00000007b9d00000,0x00000007bfe80000)
 ParOldGen       total 232960K, used 99061K [0x0000000740000000, 0x000000074e380000, 0x0000000795580000)
  object space 232960K, 42% used [0x0000000740000000,0x00000007460bd5f8,0x000000074e380000)
 Metaspace       used 96679K, capacity 99985K, committed 100224K, reserved 1136640K
  class space    used 12187K, capacity 12881K, committed 12928K, reserved 1048576K
}
Event: 65.332 GC heap before
{Heap before GC invocations=29 (full 5):
 PSYoungGen      total 581120K, used 491955K [0x0000000795580000, 0x00000007bfe80000, 0x00000007c0000000)
  eden space 476672K, 100% used [0x0000000795580000,0x00000007b2700000,0x00000007b2700000)
  from space 104448K, 14% used [0x00000007b2700000,0x00000007b35ece40,0x00000007b8d00000)
  to   space 99840K, 0% used [0x00000007b9d00000,0x00000007b9d00000,0x00000007bfe80000)
 ParOldGen       total 232960K, used 99061K [0x0000000740000000, 0x000000074e380000, 0x0000000795580000)
  object space 232960K, 42% used [0x0000000740000000,0x00000007460bd5f8,0x000000074e380000)
 Metaspace       used 100489K, capacity 104453K, committed 104576K, reserved 1140736K
  class space    used 12781K, capacity 13579K, committed 13696K, reserved 1048576K
Event: 65.365 GC heap after
Heap after GC invocations=29 (full 5):
 PSYoungGen      total 580096K, used 23342K [0x0000000795580000, 0x00000007bf080000, 0x00000007c0000000)
  eden space 494592K, 0% used [0x0000000795580000,0x0000000795580000,0x00000007b3880000)
  from space 85504K, 27% used [0x00000007b9d00000,0x00000007bb3cb878,0x00000007bf080000)
  to   space 94208K, 0% used [0x00000007b3880000,0x00000007b3880000,0x00000007b9480000)
 ParOldGen       total 232960K, used 99069K [0x0000000740000000, 0x000000074e380000, 0x0000000795580000)
  object space 232960K, 42% used [0x0000000740000000,0x00000007460bf5f8,0x000000074e380000)
 Metaspace       used 100489K, capacity 104453K, committed 104576K, reserved 1140736K
  class space    used 12781K, capacity 13579K, committed 13696K, reserved 1048576K
}

